八月 30, 2022 12:00:09 上午 com.zhaomeng.JulStudy04 main
信息: info信息
八月 30, 2022 12:00:09 上午 com.zhaomeng.JulStudy04 main
严重: severe信息
八月 30, 2022 12:00:09 上午 com.zhaomeng.JulStudy04 main
警告: warning信息
八月 30, 2022 12:00:09 上午 com.zhaomeng.JulStudy04 main
配置: config信息
八月 30, 2022 12:00:09 上午 com.zhaomeng.JulStudy04 main
详细: fine信息
八月 30, 2022 12:00:09 上午 com.zhaomeng.JulStudy04 main
较详细: finer信息
八月 30, 2022 12:00:09 上午 com.zhaomeng.JulStudy04 main
非常详细: finest信息
[FATAL     ]0 com.zhaomeng.Log4j03main2022-09-02 00:06:13:184 fatal信息
[ERROR     ]1 com.zhaomeng.Log4j03main2022-09-02 00:06:13:185 error信息
[WARN      ]2 com.zhaomeng.Log4j03main2022-09-02 00:06:13:186 warn信息
[INFO      ]2 com.zhaomeng.Log4j03main2022-09-02 00:06:13:186 info信息
[DEBUG     ]2 com.zhaomeng.Log4j03main2022-09-02 00:06:13:186 debug信息
[TRACE     ]2 com.zhaomeng.Log4j03main2022-09-02 00:06:13:186 trace信息
